NOTE: PROCEDURE PRINTTO used (Total process time):
      real time           0.01 seconds
      cpu time            0.00 seconds
      

Traverser: Traverser invoked.  MPCONNECT command is !sascmdv -nosyntaxcheck -noasynchio -noobjectserver. 
Traverser: Beginning flow traversal 
16069      data _null_;
MPRINT(EM_DIAGRAM):    data _null_;
16070      file emwipmsg;
MPRINT(EM_DIAGRAM):   file emwipmsg;
16071      put '<Node Id="Ids" Event="Run" Pid="7536" Gridid=""/>';
MPRINT(EM_DIAGRAM):   put '<Node Id="Ids" Event="Run" Pid="7536" Gridid=""/>';
16072      run;
MPRINT(EM_DIAGRAM):   run;

NOTE: The file EMWIPMSG is:
      Local Host Name=COB-MBA076,
      Local Host IP addr=136.165.163.85,
      Peer Hostname Name=COB-MBA076.ad.louisville.edu,
      Peer IP addr=127.0.0.1,Peer Name=N/A,
      Peer Portno=53181,Lrecl=32767,Recfm=Variable

NOTE: 1 record was written to the file EMWIPMSG.
      The minimum record length was 49.
      The maximum record length was 49.
NOTE: DATA statement used (Total process time):
      real time           0.01 seconds
      cpu time            0.01 seconds
      

16073      %let emloopmode =;
*------------------------------------------------------------* 
* 
* Ids : Beginning update before running 
* datetime : 13NOV2018:10:31:18 
* 
*------------------------------------------------------------* 
16074      *------------------------------------------------------------*;
MPRINT(EM_DIAGRAM):     *------------------------------------------------------------*;
16075      * Ids: Update Variables Set;
MPRINT(EM_DIAGRAM):   * Ids: Update Variables Set;
16076      *------------------------------------------------------------*;
MPRINT(EM_DIAGRAM):   *------------------------------------------------------------*;

16077      data EMWS3.Ids_VariableSet;
MPRINT(EM_DIAGRAM):    data EMWS3.Ids_VariableSet;
16078      length ROLE $32;
MPRINT(EM_DIAGRAM):   length ROLE $32;
16079      length LEVEL $10;
MPRINT(EM_DIAGRAM):   length LEVEL $10;
16080      length REPORT $1;
MPRINT(EM_DIAGRAM):   length REPORT $1;
16081      label REPORT = "Report";
MPRINT(EM_DIAGRAM):   label REPORT = "Report";
16082      length ORDER $8;
MPRINT(EM_DIAGRAM):   length ORDER $8;
16083      length DROP $1;
MPRINT(EM_DIAGRAM):   length DROP $1;
16084      length LOWERLIMIT 8;
MPRINT(EM_DIAGRAM):   length LOWERLIMIT 8;
16085      length UPPERLIMIT 8;
MPRINT(EM_DIAGRAM):   length UPPERLIMIT 8;
16086      set EMWS3.Ids_EMCMETADEFAULT;
MPRINT(EM_DIAGRAM):   set EMWS3.Ids_EMCMETADEFAULT;
16087      run;
MPRINT(EM_DIAGRAM):   run;

NOTE: There were 4 observations read from the data set EMWS3.IDS_EMCMETADEFAULT.
NOTE: The data set EMWS3.IDS_VARIABLESET has 4 observations and 21 variables.
NOTE: DATA statement used (Total process time):
      real time           0.09 seconds
      cpu time            0.04 seconds
      

16088      * Ids: End of Update Variables Set;
MPRINT(EM_DIAGRAM):    * Ids: End of Update Variables Set;
16089      *------------------------------------------------------------*;
MPRINT(EM_DIAGRAM):   *------------------------------------------------------------*;

MPRINT(EM_DIAGRAM):    filename _emtool_ 'J:\JMMORR01\CIS 445\CIS 445 Tutorial 3\Workspaces\EMWS3\Ids\PROPERTIES.xml' encoding="UTF-8" NOBOM;
16091      %let _HPDMGRIDHOST=;
16092      %let _HPDMGRIDINSTALLLOC=;
16093      %let _HPDMGRIDDATASERVER=;
16094      %hpdm_gridSetOPtions;
MPRINT(EM_DIAGRAM):   
MPRINT(HPDM_GRIDSETOPTIONS):   data _null_;
MPRINT(HPDM_GRIDSETOPTIONS):   length optionString string $2000;
MPRINT(HPDM_GRIDSETOPTIONS):   optionString = reverse(getoption('SET'));
MPRINT(HPDM_GRIDSETOPTIONS):   index = index(optionString, reverse('GRIDHOST'));
MPRINT(HPDM_GRIDSETOPTIONS):   if index then do;
MPRINT(HPDM_GRIDSETOPTIONS):   string = reverse(substr(optionString, 1, index-4));
MPRINT(HPDM_GRIDSETOPTIONS):   host = '"'!!strip(tranwrd(scan(string, 1, ']'), '"', ''))!!'"';
MPRINT(HPDM_GRIDSETOPTIONS):   call symput('_HPDMGRIDHOST', strip(host));
MPRINT(HPDM_GRIDSETOPTIONS):   end;
MPRINT(HPDM_GRIDSETOPTIONS):   index = index(optionString, reverse('GRIDINSTALLLOC'));
MPRINT(HPDM_GRIDSETOPTIONS):   if index then do;
MPRINT(HPDM_GRIDSETOPTIONS):   string = reverse(substr(optionString, 1, index-4));
MPRINT(HPDM_GRIDSETOPTIONS):   install = '"'!!strip(tranwrd(scan(string, 1, ']'), '"', ''))!!'"';
MPRINT(HPDM_GRIDSETOPTIONS):   call symput('_HPDMGRIDINSTALLLOC', strip(install));
MPRINT(HPDM_GRIDSETOPTIONS):   end;
MPRINT(HPDM_GRIDSETOPTIONS):   index = index(optionString, reverse('GRIDDATASERVER'));
MPRINT(HPDM_GRIDSETOPTIONS):   if index then do;
MPRINT(HPDM_GRIDSETOPTIONS):   string = reverse(substr(optionString, 1, index-4));
MPRINT(HPDM_GRIDSETOPTIONS):   server = '"'!!strip(tranwrd(scan(string, 1, ']'), '"', ''))!!'"';
MPRINT(HPDM_GRIDSETOPTIONS):   call symput('_HPDMGRIDDATASERVER', strip(server));
MPRINT(HPDM_GRIDSETOPTIONS):   end;
MPRINT(HPDM_GRIDSETOPTIONS):   run;

NOTE: DATA statement used (Total process time):
      real time           0.01 seconds
      cpu time            0.01 seconds
      

MPRINT(EM_DIAGRAM):  ;

*------------------------------------------------------------* 
* 
* Ids : End update 
* datetime : 13NOV2018:10:31:19 
* 
*------------------------------------------------------------* 
16095      %em_getactionstatus(emlib =EMWS3, nodeid=Ids);
MPRINT(EM_DIAGRAM):   
MPRINT(EM_GETACTIONSTATUS):   proc display c=sashelp.emutil.getactionstatus.scl;
MPRINT(EM_GETACTIONSTATUS):   run;

16096      %let em_Train = Y;
16097      %let em_Report = Y;
16098      %let em_Score = Y;
16099      %let em_Run = Y;
NOTE: PROCEDURE DISPLAY used (Total process time):
      real time           0.03 seconds
      cpu time            0.00 seconds
      

MPRINT(EM_GETACTIONSTATUS):   
MPRINT(EM_DIAGRAM):  ;

16100      %let emloopmode =;
16101      %let emloopnumber =0;
16102      %let emloopId =Ids;
*------------------------------------------------------------* 
* 
* Ids : Running 
* datetime : 13NOV2018:10:31:19 
* 
*------------------------------------------------------------* 
16103      %let SYSCC =0;
16104      %let EMGROUPMODE =;
16105      %let EMGROUPID =;
MPRINT(EM_DIAGRAM):      filename temp catalog 'sashelp.emutil.em_vardist.source';
MPRINT(EM_DIAGRAM):   filename temp;
MPRINT(EM_DIAGRAM):   filename temp catalog 'sashelp.emutil.em_classdist.source';
MPRINT(EM_DIAGRAM):   filename temp;
MPRINT(EM_DIAGRAM):   filename temp catalog 'sashelp.emutil.em_checksetinit.source';
MPRINT(EM_DIAGRAM):   filename temp;
MPRINT(EM_DIAGRAM):   filename temp catalog 'sashelp.emutil.em_checkerror.source';
MPRINT(EM_DIAGRAM):   filename temp;
MPRINT(EM_DIAGRAM):   filename temp catalog 'sashelp.emutil.em_odsliston.source';
MPRINT(EM_DIAGRAM):   filename temp;
MPRINT(EM_DIAGRAM):   filename temp catalog 'sashelp.emutil.em_odslistoff.source';
MPRINT(EM_DIAGRAM):   filename temp;
MPRINT(EM_DIAGRAM):   filename temp catalog 'sashelp.emutil.em_getvarname.source';
MPRINT(EM_DIAGRAM):   filename temp;
MPRINT(EM_DIAGRAM):   filename temp catalog 'sashelp.emassmt.em_assess.source';
MPRINT(EM_DIAGRAM):   filename temp;
MPRINT(EM_DIAGRAM):    filename L1FGEOO5 "J:\JMMORR01\CIS 445\CIS 445 Tutorial 3\Workspaces\EMWS3\Ids\EMTRAIN.log" encoding="UTF-8" NOBOM;
MPRINT(EM_DIAGRAM):   proc printto log=L1FGEOO5 new;
MPRINT(EM_DIAGRAM):   run;
