MPRINT(EM_DIAGRAM):    data _null_;
MPRINT(EM_DIAGRAM):   call symput('NLDATE', strip(put(date(), NLDATE.)));
MPRINT(EM_DIAGRAM):   call symput('NLTIME', strip(put(datetime(), NLTIME.)));
MPRINT(EM_DIAGRAM):   run;
MPRINT(EM_DIAGRAM):   data _null_;
MPRINT(EM_DIAGRAM):   nldate= sasmsg("sashelp.dmine", "log_date_note", 'N', "November 13, 2018" );
MPRINT(EM_DIAGRAM):   nltime= sasmsg("sashelp.dmine", "log_time_note", 'N', "10:31:23" );
MPRINT(EM_DIAGRAM):   put "*------------------------------------------------------------*";
MPRINT(EM_DIAGRAM):   put "* Score Log";
MPRINT(EM_DIAGRAM):   put nldate;
MPRINT(EM_DIAGRAM):   put nltime;
MPRINT(EM_DIAGRAM):   put "*------------------------------------------------------------*";
MPRINT(EM_DIAGRAM):   run;
*------------------------------------------------------------*
* Score Log
Date:                November 13, 2018
Time:                10:31:23
*------------------------------------------------------------*
MPRINT(EM_DIAGRAM):    filename O14GEC8J "J:\JMMORR01\CIS 445\CIS 445 Tutorial 3\Workspaces\EMWS3\Ids\EMSCORE.out" encoding="UTF-8" NOBOM;
MPRINT(EM_DIAGRAM):   proc printto print=O14GEC8J new;
MPRINT(EM_DIAGRAM):   run;
21579      *------------------------------------------------------------*;
MPRINT(EM_DIAGRAM):    *------------------------------------------------------------*;
21580      * Ids: Computing metadata for DATA data;
MPRINT(EM_DIAGRAM):   * Ids: Computing metadata for DATA data;
21581      *------------------------------------------------------------*;
MPRINT(EM_DIAGRAM):   *------------------------------------------------------------*;

NOTE: View EMWS3.IDS_DATA.VIEW used (Total process time):
      real time           0.03 seconds
      cpu time            0.03 seconds
      
21582      data EMWS3.Ids_EMINFO;
MPRINT(EM_DIAGRAM):    data EMWS3.Ids_EMINFO;
21583      length TARGET KEY $32 DATA $43;
MPRINT(EM_DIAGRAM):   length TARGET KEY $32 DATA $43;
21584      TARGET="";
MPRINT(EM_DIAGRAM):   TARGET="";
21585      KEY="IDSTABLE";
MPRINT(EM_DIAGRAM):   KEY="IDSTABLE";
21586      DATA="SAMPSIO.WEBPATH";
MPRINT(EM_DIAGRAM):   DATA="SAMPSIO.WEBPATH";
21587      output;
MPRINT(EM_DIAGRAM):   output;
21588      TARGET="";
MPRINT(EM_DIAGRAM):   TARGET="";
21589      KEY="STATS";
MPRINT(EM_DIAGRAM):   KEY="STATS";
21590      DATA="EMWS3.Ids_EMSTATDEFAULT";
MPRINT(EM_DIAGRAM):   DATA="EMWS3.Ids_EMSTATDEFAULT";
21591      output;
MPRINT(EM_DIAGRAM):   output;
21592      run;
MPRINT(EM_DIAGRAM):   run;

NOTE: The data set EMWS3.IDS_EMINFO has 2 observations and 3 variables.
NOTE: DATA statement used (Total process time):
      real time           0.09 seconds
      cpu time            0.01 seconds
      

NOTE: View EMWS3.IDS_DATA.VIEW used (Total process time):
      real time           0.02 seconds
      cpu time            0.03 seconds
      
21593      data EMWS3.Ids_CMeta_DATA;
MPRINT(EM_DIAGRAM):    data EMWS3.Ids_CMeta_DATA;
21594      set EMWS3.Ids_VariableSet;
MPRINT(EM_DIAGRAM):   set EMWS3.Ids_VariableSet;
21595      drop DROP;
MPRINT(EM_DIAGRAM):   drop DROP;
21596      where DROP='N';
MPRINT(EM_DIAGRAM):   where DROP='N';
21597      run;
MPRINT(EM_DIAGRAM):   run;

NOTE: There were 4 observations read from the data set EMWS3.IDS_VARIABLESET.
      WHERE DROP='N';
NOTE: The data set EMWS3.IDS_CMETA_DATA has 4 observations and 20 variables.
NOTE: DATA statement used (Total process time):
      real time           0.09 seconds
      cpu time            0.06 seconds
      

MPRINT(EM_DIAGRAM):    proc printto;
MPRINT(EM_DIAGRAM):   run;
