MPRINT(EM_DIAGRAM):    data _null_;
MPRINT(EM_DIAGRAM):   call symput('NLDATE', strip(put(date(), NLDATE.)));
MPRINT(EM_DIAGRAM):   call symput('NLTIME', strip(put(datetime(), NLTIME.)));
MPRINT(EM_DIAGRAM):   run;
MPRINT(EM_DIAGRAM):   data _null_;
MPRINT(EM_DIAGRAM):   nldate= sasmsg("sashelp.dmine", "log_date_note", 'N', "November 13, 2018" );
MPRINT(EM_DIAGRAM):   nltime= sasmsg("sashelp.dmine", "log_time_note", 'N', "10:27:12" );
MPRINT(EM_DIAGRAM):   put "*------------------------------------------------------------*";
MPRINT(EM_DIAGRAM):   put "* Score Log";
MPRINT(EM_DIAGRAM):   put nldate;
MPRINT(EM_DIAGRAM):   put nltime;
MPRINT(EM_DIAGRAM):   put "*------------------------------------------------------------*";
MPRINT(EM_DIAGRAM):   run;
*------------------------------------------------------------*
* Score Log
Date:                November 13, 2018
Time:                10:27:12
*------------------------------------------------------------*
MPRINT(EM_DIAGRAM):    filename O2_C9SG_ "J:\JMMORR01\CIS 445\CIS 445 Tutorial 3\Workspaces\EMWS2\Ids\EMSCORE.out" encoding="UTF-8" NOBOM;
MPRINT(EM_DIAGRAM):   proc printto print=O2_C9SG_ new;
MPRINT(EM_DIAGRAM):   run;
17730      *------------------------------------------------------------*;
MPRINT(EM_DIAGRAM):    *------------------------------------------------------------*;
17731      * Ids: Computing metadata for DATA data;
MPRINT(EM_DIAGRAM):   * Ids: Computing metadata for DATA data;
17732      *------------------------------------------------------------*;
MPRINT(EM_DIAGRAM):   *------------------------------------------------------------*;

NOTE: View EMWS2.IDS_DATA.VIEW used (Total process time):
      real time           0.03 seconds
      cpu time            0.03 seconds
      
17733      data EMWS2.Ids_EMINFO;
MPRINT(EM_DIAGRAM):    data EMWS2.Ids_EMINFO;
17734      length TARGET KEY $32 DATA $43;
MPRINT(EM_DIAGRAM):   length TARGET KEY $32 DATA $43;
17735      TARGET="";
MPRINT(EM_DIAGRAM):   TARGET="";
17736      KEY="IDSTABLE";
MPRINT(EM_DIAGRAM):   KEY="IDSTABLE";
17737      DATA="SAMPSIO.ASSOCS";
MPRINT(EM_DIAGRAM):   DATA="SAMPSIO.ASSOCS";
17738      output;
MPRINT(EM_DIAGRAM):   output;
17739      TARGET="";
MPRINT(EM_DIAGRAM):   TARGET="";
17740      KEY="STATS";
MPRINT(EM_DIAGRAM):   KEY="STATS";
17741      DATA="EMWS2.Ids_EMSTATDEFAULT";
MPRINT(EM_DIAGRAM):   DATA="EMWS2.Ids_EMSTATDEFAULT";
17742      output;
MPRINT(EM_DIAGRAM):   output;
17743      run;
MPRINT(EM_DIAGRAM):   run;

NOTE: The data set EMWS2.IDS_EMINFO has 2 observations and 3 variables.
NOTE: DATA statement used (Total process time):
      real time           0.07 seconds
      cpu time            0.04 seconds
      

NOTE: View EMWS2.IDS_DATA.VIEW used (Total process time):
      real time           0.02 seconds
      cpu time            0.03 seconds
      
17744      data EMWS2.Ids_CMeta_DATA;
MPRINT(EM_DIAGRAM):    data EMWS2.Ids_CMeta_DATA;
17745      set EMWS2.Ids_VariableSet;
MPRINT(EM_DIAGRAM):   set EMWS2.Ids_VariableSet;
17746      drop DROP;
MPRINT(EM_DIAGRAM):   drop DROP;
17747      where DROP='N';
MPRINT(EM_DIAGRAM):   where DROP='N';
17748      run;
MPRINT(EM_DIAGRAM):   run;

NOTE: There were 3 observations read from the data set EMWS2.IDS_VARIABLESET.
      WHERE DROP='N';
NOTE: The data set EMWS2.IDS_CMETA_DATA has 3 observations and 20 variables.
NOTE: DATA statement used (Total process time):
      real time           0.09 seconds
      cpu time            0.01 seconds
      

MPRINT(EM_DIAGRAM):    proc printto;
MPRINT(EM_DIAGRAM):   run;
